This file contains any messages produced by compilers while
running configure, to aid debugging if configure makes a mistake.

It was created by Hello_World configure 0.1.0, which was
generated by GNU Autoconf 2.69.  Invocation command line was

  $ /home/mehmet/eclipse-workspace_oxygen/Hello_World/configure CFLAGS=-g -O0 CXXFLAGS=-g -O0

## --------- ##
## Platform. ##
## --------- ##

hostname = mehmet-VirtualBox
uname -m = x86_64
uname -r = 4.15.0-43-generic
uname -s = Linux
uname -v = #46~16.04.1-Ubuntu SMP Fri Dec 7 13:31:08 UTC 2018

/usr/bin/uname -p = unknown
/bin/uname -X     = unknown

/bin/arch              = unknown
/usr/bin/arch -k       = unknown
/usr/convex/getsysinfo = unknown
/usr/bin/hostinfo      = unknown
/bin/machine           = unknown
/usr/bin/oslevel       = unknown
/bin/universe          = unknown

PATH: /home/mehmet/bin
PATH: /home/mehmet/.local/bin
PATH: /usr/local/sbin
PATH: /usr/local/bin
PATH: /usr/sbin
PATH: /usr/bin
PATH: /sbin
PATH: /bin
PATH: /usr/games
PATH: /usr/local/games
PATH: /snap/bin


## ----------- ##
## Core tests. ##
## ----------- ##

configure:2323: checking for a BSD-compatible install
configure:2391: result: /usr/bin/install -c
configure:2402: checking whether build environment is sane
configure:2457: result: yes
configure:2608: checking for a thread-safe mkdir -p
configure:2647: result: /bin/mkdir -p
configure:2654: checking for gawk
configure:2670: found /usr/bin/gawk
configure:2681: result: gawk
configure:2692: checking whether make sets $(MAKE)
configure:2714: result: yes
configure:2743: checking whether make supports nested variables
configure:2760: result: yes
configure:2919: checking build system type
configure:2933: result: x86_64-unknown-linux-gnu
configure:2953: checking host system type
configure:2966: result: x86_64-unknown-linux-gnu
configure:3007: checking how to print strings
configure:3034: result: printf
configure:3067: checking for style of include used by make
configure:3095: result: GNU
configure:3166: checking for gcc
configure:3182: found /usr/bin/gcc
configure:3193: result: gcc
configure:3422: checking for C compiler version
configure:3431: gcc --version >&5
gcc (Ubuntu 5.4.0-6ubuntu1~16.04.11) 5.4.0 20160609
Copyright (C) 2015 Free Software Foundation, Inc.
This is free software; see the source for copying conditions.  There is NO
warranty; not even for MERCHANTABILITY or FITNESS FOR A PARTICULAR PURPOSE.

configure:3442: $? = 0
configure:3431: gcc -v >&5
Using built-in specs.
COLLECT_GCC=gcc
COLLECT_LTO_WRAPPER=/usr/lib/gcc/x86_64-linux-gnu/5/lto-wrapper
Target: x86_64-linux-gnu
Configured with: ../src/configure -v --with-pkgversion='Ubuntu 5.4.0-6ubuntu1~16.04.11' --with-bugurl=file:///usr/share/doc/gcc-5/README.Bugs --enable-languages=c,ada,c++,java,go,d,fortran,objc,obj-c++ --prefix=/usr --program-suffix=-5 --enable-shared --enable-linker-build-id --libexecdir=/usr/lib --without-included-gettext --enable-threads=posix --libdir=/usr/lib --enable-nls --with-sysroot=/ --enable-clocale=gnu --enable-libstdcxx-debug --enable-libstdcxx-time=yes --with-default-libstdcxx-abi=new --enable-gnu-unique-object --disable-vtable-verify --enable-libmpx --enable-plugin --with-system-zlib --disable-browser-plugin --enable-java-awt=gtk --enable-gtk-cairo --with-java-home=/usr/lib/jvm/java-1.5.0-gcj-5-amd64/jre --enable-java-home --with-jvm-root-dir=/usr/lib/jvm/java-1.5.0-gcj-5-amd64 --with-jvm-jar-dir=/usr/lib/jvm-exports/java-1.5.0-gcj-5-amd64 --with-arch-directory=amd64 --with-ecj-jar=/usr/share/java/eclipse-ecj.jar --enable-objc-gc --enable-multiarch --disable-werror --with-arch-32=i686 --with-abi=m64 --with-multilib-list=m32,m64,mx32 --enable-multilib --with-tune=generic --enable-checking=release --build=x86_64-linux-gnu --host=x86_64-linux-gnu --target=x86_64-linux-gnu
Thread model: posix
gcc version 5.4.0 20160609 (Ubuntu 5.4.0-6ubuntu1~16.04.11) 
configure:3442: $? = 0
configure:3431: gcc -V >&5
gcc: error: unrecognized command line option '-V'
gcc: fatal error: no input files
compilation terminated.
configure:3442: $? = 1
configure:3431: gcc -qversion >&5
gcc: error: unrecognized command line option '-qversion'
gcc: fatal error: no input files
compilation terminated.
configure:3442: $? = 1
configure:3462: checking whether the C compiler works
configure:3484: gcc -g -O0   conftest.c  >&5
configure:3488: $? = 0
configure:3536: result: yes
configure:3539: checking for C compiler default output file name
configure:3541: result: a.out
configure:3547: checking for suffix of executables
configure:3554: gcc -o conftest -g -O0   conftest.c  >&5
configure:3558: $? = 0
configure:3580: result: 
configure:3602: checking whether we are cross compiling
configure:3610: gcc -o conftest -g -O0   conftest.c  >&5
configure:3614: $? = 0
configure:3621: ./conftest
configure:3625: $? = 0
configure:3640: result: no
configure:3645: checking for suffix of object files
configure:3667: gcc -c -g -O0  conftest.c >&5
configure:3671: $? = 0
configure:3692: result: o
configure:3696: checking whether we are using the GNU C compiler
configure:3715: gcc -c -g -O0  conftest.c >&5
configure:3715: $? = 0
configure:3724: result: yes
configure:3733: checking whether gcc accepts -g
configure:3753: gcc -c -g  conftest.c >&5
configure:3753: $? = 0
configure:3794: result: yes
configure:3811: checking for gcc option to accept ISO C89
configure:3874: gcc  -c -g -O0  conftest.c >&5
configure:3874: $? = 0
configure:3887: result: none needed
configure:3912: checking whether gcc understands -c and -o together
configure:3934: gcc -c conftest.c -o conftest2.o
configure:3937: $? = 0
configure:3934: gcc -c conftest.c -o conftest2.o
configure:3937: $? = 0
configure:3949: result: yes
configure:3968: checking dependency style of gcc
configure:4079: result: gcc3
configure:4094: checking for a sed that does not truncate output
configure:4158: result: /bin/sed
configure:4176: checking for grep that handles long lines and -e
configure:4234: result: /bin/grep
configure:4239: checking for egrep
configure:4301: result: /bin/grep -E
configure:4306: checking for fgrep
configure:4368: result: /bin/grep -F
configure:4403: checking for ld used by gcc
configure:4470: result: /usr/bin/ld
configure:4477: checking if the linker (/usr/bin/ld) is GNU ld
configure:4492: result: yes
configure:4504: checking for BSD- or MS-compatible name lister (nm)
configure:4558: result: /usr/bin/nm -B
configure:4688: checking the name lister (/usr/bin/nm -B) interface
configure:4695: gcc -c -g -O0  conftest.c >&5
configure:4698: /usr/bin/nm -B "conftest.o"
configure:4701: output
0000000000000000 B some_variable
configure:4708: result: BSD nm
configure:4711: checking whether ln -s works
configure:4715: result: yes
configure:4723: checking the maximum length of command line arguments
configure:4854: result: 1572864
configure:4902: checking how to convert x86_64-unknown-linux-gnu file names to x86_64-unknown-linux-gnu format
configure:4942: result: func_convert_file_noop
configure:4949: checking how to convert x86_64-unknown-linux-gnu file names to toolchain format
configure:4969: result: func_convert_file_noop
configure:4976: checking for /usr/bin/ld option to reload object files
configure:4983: result: -r
configure:5057: checking for objdump
configure:5073: found /usr/bin/objdump
configure:5084: result: objdump
configure:5116: checking how to recognize dependent libraries
configure:5316: result: pass_all
configure:5401: checking for dlltool
configure:5431: result: no
configure:5461: checking how to associate runtime and link libraries
configure:5488: result: printf %s\n
configure:5549: checking for ar
configure:5565: found /usr/bin/ar
configure:5576: result: ar
configure:5613: checking for archiver @FILE support
configure:5630: gcc -c -g -O0  conftest.c >&5
configure:5630: $? = 0
configure:5633: ar cru libconftest.a @conftest.lst >&5
ar: `u' modifier ignored since `D' is the default (see `U')
configure:5636: $? = 0
configure:5641: ar cru libconftest.a @conftest.lst >&5
ar: `u' modifier ignored since `D' is the default (see `U')
ar: conftest.o: No such file or directory
configure:5644: $? = 1
configure:5656: result: @
configure:5714: checking for strip
configure:5730: found /usr/bin/strip
configure:5741: result: strip
configure:5813: checking for ranlib
configure:5829: found /usr/bin/ranlib
configure:5840: result: ranlib
configure:5942: checking command to parse /usr/bin/nm -B output from gcc object
configure:6095: gcc -c -g -O0  conftest.c >&5
configure:6098: $? = 0
configure:6102: /usr/bin/nm -B conftest.o \| sed -n -e 's/^.*[ ]\([ABCDGIRSTW][ABCDGIRSTW]*\)[ ][ ]*\([_A-Za-z][_A-Za-z0-9]*\)$/\1 \2 \2/p' | sed '/ __gnu_lto/d' \> conftest.nm
configure:6105: $? = 0
configure:6171: gcc -o conftest -g -O0   conftest.c conftstm.o >&5
configure:6174: $? = 0
configure:6212: result: ok
configure:6259: checking for sysroot
configure:6289: result: no
configure:6296: checking for a working dd
configure:6334: result: /bin/dd
configure:6338: checking how to truncate binary pipes
configure:6353: result: /bin/dd bs=4096 count=1
configure:6489: gcc -c -g -O0  conftest.c >&5
configure:6492: $? = 0
configure:6682: checking for mt
configure:6698: found /bin/mt
configure:6709: result: mt
configure:6732: checking if mt is a manifest tool
configure:6738: mt '-?'
configure:6746: result: no
configure:7423: checking how to run the C preprocessor
configure:7454: gcc -E  conftest.c
configure:7454: $? = 0
configure:7468: gcc -E  conftest.c
conftest.c:11:28: fatal error: ac_nonexistent.h: No such file or directory
compilation terminated.
configure:7468: $? = 1
configure: failed program was:
| /* confdefs.h */
| #define PACKAGE_NAME "Hello_World"
| #define PACKAGE_TARNAME "hello_world"
| #define PACKAGE_VERSION "0.1.0"
| #define PACKAGE_STRING "Hello_World 0.1.0"
| #define PACKAGE_BUGREPORT ""
| #define PACKAGE_URL ""
| #define PACKAGE "hello_world"
| #define VERSION "0.1.0"
| /* end confdefs.h.  */
| #include <ac_nonexistent.h>
configure:7493: result: gcc -E
configure:7513: gcc -E  conftest.c
configure:7513: $? = 0
configure:7527: gcc -E  conftest.c
conftest.c:11:28: fatal error: ac_nonexistent.h: No such file or directory
compilation terminated.
configure:7527: $? = 1
configure: failed program was:
| /* confdefs.h */
| #define PACKAGE_NAME "Hello_World"
| #define PACKAGE_TARNAME "hello_world"
| #define PACKAGE_VERSION "0.1.0"
| #define PACKAGE_STRING "Hello_World 0.1.0"
| #define PACKAGE_BUGREPORT ""
| #define PACKAGE_URL ""
| #define PACKAGE "hello_world"
| #define VERSION "0.1.0"
| /* end confdefs.h.  */
| #include <ac_nonexistent.h>
configure:7556: checking for ANSI C header files
configure:7576: gcc -c -g -O0  conftest.c >&5
configure:7576: $? = 0
configure:7649: gcc -o conftest -g -O0   conftest.c  >&5
configure:7649: $? = 0
configure:7649: ./conftest
configure:7649: $? = 0
configure:7660: result: yes
configure:7673: checking for sys/types.h
configure:7673: gcc -c -g -O0  conftest.c >&5
configure:7673: $? = 0
configure:7673: result: yes
configure:7673: checking for sys/stat.h
configure:7673: gcc -c -g -O0  conftest.c >&5
configure:7673: $? = 0
configure:7673: result: yes
configure:7673: checking for stdlib.h
configure:7673: gcc -c -g -O0  conftest.c >&5
configure:7673: $? = 0
configure:7673: result: yes
configure:7673: checking for string.h
configure:7673: gcc -c -g -O0  conftest.c >&5
configure:7673: $? = 0
configure:7673: result: yes
configure:7673: checking for memory.h
configure:7673: gcc -c -g -O0  conftest.c >&5
configure:7673: $? = 0
configure:7673: result: yes
configure:7673: checking for strings.h
configure:7673: gcc -c -g -O0  conftest.c >&5
configure:7673: $? = 0
configure:7673: result: yes
configure:7673: checking for inttypes.h
configure:7673: gcc -c -g -O0  conftest.c >&5
configure:7673: $? = 0
configure:7673: result: yes
configure:7673: checking for stdint.h
configure:7673: gcc -c -g -O0  conftest.c >&5
configure:7673: $? = 0
configure:7673: result: yes
configure:7673: checking for unistd.h
configure:7673: gcc -c -g -O0  conftest.c >&5
configure:7673: $? = 0
configure:7673: result: yes
configure:7687: checking for dlfcn.h
configure:7687: gcc -c -g -O0  conftest.c >&5
configure:7687: $? = 0
configure:7687: result: yes
configure:7943: checking for objdir
configure:7958: result: .libs
configure:8218: checking if gcc supports -fno-rtti -fno-exceptions
configure:8236: gcc -c -g -O0  -fno-rtti -fno-exceptions conftest.c >&5
cc1: warning: command line option '-fno-rtti' is valid for C++/ObjC++ but not for C
configure:8240: $? = 0
configure:8253: result: no
configure:8611: checking for gcc option to produce PIC
configure:8618: result: -fPIC -DPIC
configure:8626: checking if gcc PIC flag -fPIC -DPIC works
configure:8644: gcc -c -g -O0  -fPIC -DPIC -DPIC conftest.c >&5
configure:8648: $? = 0
configure:8661: result: yes
configure:8690: checking if gcc static flag -static works
configure:8718: result: yes
configure:8733: checking if gcc supports -c -o file.o
configure:8754: gcc -c -g -O0  -o out/conftest2.o conftest.c >&5
configure:8758: $? = 0
configure:8780: result: yes
configure:8788: checking if gcc supports -c -o file.o
configure:8835: result: yes
configure:8868: checking whether the gcc linker (/usr/bin/ld -m elf_x86_64) supports shared libraries
configure:10131: result: yes
configure:10168: checking whether -lc should be explicitly linked in
configure:10176: gcc -c -g -O0  conftest.c >&5
configure:10179: $? = 0
configure:10194: gcc -shared  -fPIC -DPIC conftest.o  -v -Wl,-soname -Wl,conftest -o conftest 2\>\&1 \| /bin/grep  -lc  \>/dev/null 2\>\&1
configure:10197: $? = 0
configure:10211: result: no
configure:10371: checking dynamic linker characteristics
configure:10952: gcc -o conftest -g -O0   -Wl,-rpath -Wl,/foo conftest.c  >&5
configure:10952: $? = 0
configure:11201: result: GNU/Linux ld.so
configure:11323: checking how to hardcode library paths into programs
configure:11348: result: immediate
configure:11896: checking whether stripping libraries is possible
configure:11901: result: yes
configure:11936: checking if libtool supports shared libraries
configure:11938: result: yes
configure:11941: checking whether to build shared libraries
configure:11966: result: yes
configure:11969: checking whether to build static libraries
configure:11973: result: yes
configure:12068: checking for g++
configure:12084: found /usr/bin/g++
configure:12095: result: g++
configure:12122: checking for C++ compiler version
configure:12131: g++ --version >&5
g++ (Ubuntu 5.4.0-6ubuntu1~16.04.11) 5.4.0 20160609
Copyright (C) 2015 Free Software Foundation, Inc.
This is free software; see the source for copying conditions.  There is NO
warranty; not even for MERCHANTABILITY or FITNESS FOR A PARTICULAR PURPOSE.

configure:12142: $? = 0
configure:12131: g++ -v >&5
Using built-in specs.
COLLECT_GCC=g++
COLLECT_LTO_WRAPPER=/usr/lib/gcc/x86_64-linux-gnu/5/lto-wrapper
Target: x86_64-linux-gnu
Configured with: ../src/configure -v --with-pkgversion='Ubuntu 5.4.0-6ubuntu1~16.04.11' --with-bugurl=file:///usr/share/doc/gcc-5/README.Bugs --enable-languages=c,ada,c++,java,go,d,fortran,objc,obj-c++ --prefix=/usr --program-suffix=-5 --enable-shared --enable-linker-build-id --libexecdir=/usr/lib --without-included-gettext --enable-threads=posix --libdir=/usr/lib --enable-nls --with-sysroot=/ --enable-clocale=gnu --enable-libstdcxx-debug --enable-libstdcxx-time=yes --with-default-libstdcxx-abi=new --enable-gnu-unique-object --disable-vtable-verify --enable-libmpx --enable-plugin --with-system-zlib --disable-browser-plugin --enable-java-awt=gtk --enable-gtk-cairo --with-java-home=/usr/lib/jvm/java-1.5.0-gcj-5-amd64/jre --enable-java-home --with-jvm-root-dir=/usr/lib/jvm/java-1.5.0-gcj-5-amd64 --with-jvm-jar-dir=/usr/lib/jvm-exports/java-1.5.0-gcj-5-amd64 --with-arch-directory=amd64 --with-ecj-jar=/usr/share/java/eclipse-ecj.jar --enable-objc-gc --enable-multiarch --disable-werror --with-arch-32=i686 --with-abi=m64 --with-multilib-list=m32,m64,mx32 --enable-multilib --with-tune=generic --enable-checking=release --build=x86_64-linux-gnu --host=x86_64-linux-gnu --target=x86_64-linux-gnu
Thread model: posix
gcc version 5.4.0 20160609 (Ubuntu 5.4.0-6ubuntu1~16.04.11) 
configure:12142: $? = 0
configure:12131: g++ -V >&5
g++: error: unrecognized command line option '-V'
g++: fatal error: no input files
compilation terminated.
configure:12142: $? = 1
configure:12131: g++ -qversion >&5
g++: error: unrecognized command line option '-qversion'
g++: fatal error: no input files
compilation terminated.
configure:12142: $? = 1
configure:12146: checking whether we are using the GNU C++ compiler
configure:12165: g++ -c -g -O0  conftest.cpp >&5
configure:12165: $? = 0
configure:12174: result: yes
configure:12183: checking whether g++ accepts -g
configure:12203: g++ -c -g  conftest.cpp >&5
configure:12203: $? = 0
configure:12244: result: yes
configure:12269: checking dependency style of g++
configure:12380: result: gcc3
configure:12413: checking how to run the C++ preprocessor
configure:12440: g++ -E  conftest.cpp
configure:12440: $? = 0
configure:12454: g++ -E  conftest.cpp
conftest.cpp:23:28: fatal error: ac_nonexistent.h: No such file or directory
compilation terminated.
configure:12454: $? = 1
configure: failed program was:
| /* confdefs.h */
| #define PACKAGE_NAME "Hello_World"
| #define PACKAGE_TARNAME "hello_world"
| #define PACKAGE_VERSION "0.1.0"
| #define PACKAGE_STRING "Hello_World 0.1.0"
| #define PACKAGE_BUGREPORT ""
| #define PACKAGE_URL ""
| #define PACKAGE "hello_world"
| #define VERSION "0.1.0"
| #define STDC_HEADERS 1
| #define HAVE_SYS_TYPES_H 1
| #define HAVE_SYS_STAT_H 1
| #define HAVE_STDLIB_H 1
| #define HAVE_STRING_H 1
| #define HAVE_MEMORY_H 1
| #define HAVE_STRINGS_H 1
| #define HAVE_INTTYPES_H 1
| #define HAVE_STDINT_H 1
| #define HAVE_UNISTD_H 1
| #define HAVE_DLFCN_H 1
| #define LT_OBJDIR ".libs/"
| /* end confdefs.h.  */
| #include <ac_nonexistent.h>
configure:12479: result: g++ -E
configure:12499: g++ -E  conftest.cpp
configure:12499: $? = 0
configure:12513: g++ -E  conftest.cpp
conftest.cpp:23:28: fatal error: ac_nonexistent.h: No such file or directory
compilation terminated.
configure:12513: $? = 1
configure: failed program was:
| /* confdefs.h */
| #define PACKAGE_NAME "Hello_World"
| #define PACKAGE_TARNAME "hello_world"
| #define PACKAGE_VERSION "0.1.0"
| #define PACKAGE_STRING "Hello_World 0.1.0"
| #define PACKAGE_BUGREPORT ""
| #define PACKAGE_URL ""
| #define PACKAGE "hello_world"
| #define VERSION "0.1.0"
| #define STDC_HEADERS 1
| #define HAVE_SYS_TYPES_H 1
| #define HAVE_SYS_STAT_H 1
| #define HAVE_STDLIB_H 1
| #define HAVE_STRING_H 1
| #define HAVE_MEMORY_H 1
| #define HAVE_STRINGS_H 1
| #define HAVE_INTTYPES_H 1
| #define HAVE_STDINT_H 1
| #define HAVE_UNISTD_H 1
| #define HAVE_DLFCN_H 1
| #define LT_OBJDIR ".libs/"
| /* end confdefs.h.  */
| #include <ac_nonexistent.h>
configure:12675: checking for ld used by g++
configure:12742: result: /usr/bin/ld -m elf_x86_64
configure:12749: checking if the linker (/usr/bin/ld -m elf_x86_64) is GNU ld
configure:12764: result: yes
configure:12819: checking whether the g++ linker (/usr/bin/ld -m elf_x86_64) supports shared libraries
configure:13892: result: yes
configure:13928: g++ -c -g -O0  conftest.cpp >&5
configure:13931: $? = 0
configure:14412: checking for g++ option to produce PIC
configure:14419: result: -fPIC -DPIC
configure:14427: checking if g++ PIC flag -fPIC -DPIC works
configure:14445: g++ -c -g -O0  -fPIC -DPIC -DPIC conftest.cpp >&5
configure:14449: $? = 0
configure:14462: result: yes
configure:14485: checking if g++ static flag -static works
configure:14513: result: yes
configure:14525: checking if g++ supports -c -o file.o
configure:14546: g++ -c -g -O0  -o out/conftest2.o conftest.cpp >&5
configure:14550: $? = 0
configure:14572: result: yes
configure:14577: checking if g++ supports -c -o file.o
configure:14624: result: yes
configure:14654: checking whether the g++ linker (/usr/bin/ld -m elf_x86_64) supports shared libraries
configure:14697: result: yes
configure:14838: checking dynamic linker characteristics
configure:15595: result: GNU/Linux ld.so
configure:15660: checking how to hardcode library paths into programs
configure:15685: result: immediate
configure:15782: checking for pkg-config
configure:15800: found /usr/bin/pkg-config
configure:15812: result: /usr/bin/pkg-config
configure:15837: checking pkg-config is at least version 0.9.0
configure:15840: result: yes
configure:15970: checking that generated files are newer than configure
configure:15976: result: done
configure:16003: creating ./config.status

## ---------------------- ##
## Running config.status. ##
## ---------------------- ##

This file was extended by Hello_World config.status 0.1.0, which was
generated by GNU Autoconf 2.69.  Invocation command line was

  CONFIG_FILES    = 
  CONFIG_HEADERS  = 
  CONFIG_LINKS    = 
  CONFIG_COMMANDS = 
  $ ./config.status 

on mehmet-VirtualBox

config.status:1153: creating Makefile
config.status:1153: creating src/Makefile
config.status:1153: creating config.h
config.status:1334: config.h is unchanged
config.status:1382: executing depfiles commands
config.status:1382: executing libtool commands

## ---------------- ##
## Cache variables. ##
## ---------------- ##

ac_cv_build=x86_64-unknown-linux-gnu
ac_cv_c_compiler_gnu=yes
ac_cv_cxx_compiler_gnu=yes
ac_cv_env_CCC_set=
ac_cv_env_CCC_value=
ac_cv_env_CC_set=
ac_cv_env_CC_value=
ac_cv_env_CFLAGS_set=set
ac_cv_env_CFLAGS_value='-g -O0'
ac_cv_env_CPPFLAGS_set=
ac_cv_env_CPPFLAGS_value=
ac_cv_env_CPP_set=
ac_cv_env_CPP_value=
ac_cv_env_CXXCPP_set=
ac_cv_env_CXXCPP_value=
ac_cv_env_CXXFLAGS_set=set
ac_cv_env_CXXFLAGS_value='-g -O0'
ac_cv_env_CXX_set=
ac_cv_env_CXX_value=
ac_cv_env_LDFLAGS_set=
ac_cv_env_LDFLAGS_value=
ac_cv_env_LIBS_set=
ac_cv_env_LIBS_value=
ac_cv_env_LT_SYS_LIBRARY_PATH_set=
ac_cv_env_LT_SYS_LIBRARY_PATH_value=
ac_cv_env_PKG_CONFIG_LIBDIR_set=
ac_cv_env_PKG_CONFIG_LIBDIR_value=
ac_cv_env_PKG_CONFIG_PATH_set=
ac_cv_env_PKG_CONFIG_PATH_value=
ac_cv_env_PKG_CONFIG_set=
ac_cv_env_PKG_CONFIG_value=
ac_cv_env_build_alias_set=
ac_cv_env_build_alias_value=
ac_cv_env_host_alias_set=
ac_cv_env_host_alias_value=
ac_cv_env_target_alias_set=
ac_cv_env_target_alias_value=
ac_cv_header_dlfcn_h=yes
ac_cv_header_inttypes_h=yes
ac_cv_header_memory_h=yes
ac_cv_header_stdc=yes
ac_cv_header_stdint_h=yes
ac_cv_header_stdlib_h=yes
ac_cv_header_string_h=yes
ac_cv_header_strings_h=yes
ac_cv_header_sys_stat_h=yes
ac_cv_header_sys_types_h=yes
ac_cv_header_unistd_h=yes
ac_cv_host=x86_64-unknown-linux-gnu
ac_cv_objext=o
ac_cv_path_EGREP='/bin/grep -E'
ac_cv_path_FGREP='/bin/grep -F'
ac_cv_path_GREP=/bin/grep
ac_cv_path_SED=/bin/sed
ac_cv_path_ac_pt_PKG_CONFIG=/usr/bin/pkg-config
ac_cv_path_install='/usr/bin/install -c'
ac_cv_path_lt_DD=/bin/dd
ac_cv_path_mkdir=/bin/mkdir
ac_cv_prog_AWK=gawk
ac_cv_prog_CPP='gcc -E'
ac_cv_prog_CXXCPP='g++ -E'
ac_cv_prog_ac_ct_AR=ar
ac_cv_prog_ac_ct_CC=gcc
ac_cv_prog_ac_ct_CXX=g++
ac_cv_prog_ac_ct_MANIFEST_TOOL=mt
ac_cv_prog_ac_ct_OBJDUMP=objdump
ac_cv_prog_ac_ct_RANLIB=ranlib
ac_cv_prog_ac_ct_STRIP=strip
ac_cv_prog_cc_c89=
ac_cv_prog_cc_g=yes
ac_cv_prog_cxx_g=yes
ac_cv_prog_make_make_set=yes
am_cv_CC_dependencies_compiler_type=gcc3
am_cv_CXX_dependencies_compiler_type=gcc3
am_cv_make_support_nested_variables=yes
am_cv_prog_cc_c_o=yes
lt_cv_ar_at_file=@
lt_cv_archive_cmds_need_lc=no
lt_cv_deplibs_check_method=pass_all
lt_cv_file_magic_cmd='$MAGIC_CMD'
lt_cv_file_magic_test_file=
lt_cv_ld_reload_flag=-r
lt_cv_nm_interface='BSD nm'
lt_cv_objdir=.libs
lt_cv_path_LD=/usr/bin/ld
lt_cv_path_LDCXX='/usr/bin/ld -m elf_x86_64'
lt_cv_path_NM='/usr/bin/nm -B'
lt_cv_path_mainfest_tool=no
lt_cv_prog_compiler_c_o=yes
lt_cv_prog_compiler_c_o_CXX=yes
lt_cv_prog_compiler_pic='-fPIC -DPIC'
lt_cv_prog_compiler_pic_CXX='-fPIC -DPIC'
lt_cv_prog_compiler_pic_works=yes
lt_cv_prog_compiler_pic_works_CXX=yes
lt_cv_prog_compiler_rtti_exceptions=no
lt_cv_prog_compiler_static_works=yes
lt_cv_prog_compiler_static_works_CXX=yes
lt_cv_prog_gnu_ld=yes
lt_cv_prog_gnu_ldcxx=yes
lt_cv_sharedlib_from_linklib_cmd='printf %s\n'
lt_cv_shlibpath_overrides_runpath=no
lt_cv_sys_global_symbol_pipe='sed -n -e '\''s/^.*[	 ]\([ABCDGIRSTW][ABCDGIRSTW]*\)[	 ][	 ]*\([_A-Za-z][_A-Za-z0-9]*\)$/\1 \2 \2/p'\'' | sed '\''/ __gnu_lto/d'\'''
lt_cv_sys_global_symbol_to_c_name_address='sed -n -e '\''s/^: \(.*\) .*$/  {"\1", (void *) 0},/p'\'' -e '\''s/^[ABCDGIRSTW][ABCDGIRSTW]* .* \(.*\)$/  {"\1", (void *) \&\1},/p'\'''
lt_cv_sys_global_symbol_to_c_name_address_lib_prefix='sed -n -e '\''s/^: \(.*\) .*$/  {"\1", (void *) 0},/p'\'' -e '\''s/^[ABCDGIRSTW][ABCDGIRSTW]* .* \(lib.*\)$/  {"\1", (void *) \&\1},/p'\'' -e '\''s/^[ABCDGIRSTW][ABCDGIRSTW]* .* \(.*\)$/  {"lib\1", (void *) \&\1},/p'\'''
lt_cv_sys_global_symbol_to_cdecl='sed -n -e '\''s/^T .* \(.*\)$/extern int \1();/p'\'' -e '\''s/^[ABCDGIRSTW][ABCDGIRSTW]* .* \(.*\)$/extern char \1;/p'\'''
lt_cv_sys_global_symbol_to_import=
lt_cv_sys_max_cmd_len=1572864
lt_cv_to_host_file_cmd=func_convert_file_noop
lt_cv_to_tool_file_cmd=func_convert_file_noop
lt_cv_truncate_bin='/bin/dd bs=4096 count=1'

## ----------------- ##
## Output variables. ##
## ----------------- ##

ACLOCAL='${SHELL} /home/mehmet/eclipse-workspace_oxygen/Hello_World/missing aclocal-1.15'
AMDEPBACKSLASH='\'
AMDEP_FALSE='#'
AMDEP_TRUE=''
AMTAR='$${TAR-tar}'
AM_BACKSLASH='\'
AM_DEFAULT_V='$(AM_DEFAULT_VERBOSITY)'
AM_DEFAULT_VERBOSITY='1'
AM_V='$(V)'
AR='ar'
AUTOCONF='${SHELL} /home/mehmet/eclipse-workspace_oxygen/Hello_World/missing autoconf'
AUTOHEADER='${SHELL} /home/mehmet/eclipse-workspace_oxygen/Hello_World/missing autoheader'
AUTOMAKE='${SHELL} /home/mehmet/eclipse-workspace_oxygen/Hello_World/missing automake-1.15'
AWK='gawk'
CC='gcc'
CCDEPMODE='depmode=gcc3'
CFLAGS='-g -O0'
CPP='gcc -E'
CPPFLAGS=''
CXX='g++'
CXXCPP='g++ -E'
CXXDEPMODE='depmode=gcc3'
CXXFLAGS='-g -O0'
CYGPATH_W='echo'
DEFS='-DHAVE_CONFIG_H'
DEPDIR='.deps'
DLLTOOL='false'
DSYMUTIL=''
DUMPBIN=''
ECHO_C=''
ECHO_N='-n'
ECHO_T=''
EGREP='/bin/grep -E'
EXEEXT=''
FGREP='/bin/grep -F'
GREP='/bin/grep'
Hello_World_CFLAGS=''
Hello_World_LIBS=''
INSTALL_DATA='${INSTALL} -m 644'
INSTALL_PROGRAM='${INSTALL}'
INSTALL_SCRIPT='${INSTALL}'
INSTALL_STRIP_PROGRAM='$(install_sh) -c -s'
LD='/usr/bin/ld -m elf_x86_64'
LDFLAGS=''
LIBOBJS=''
LIBS=''
LIBTOOL='$(SHELL) $(top_builddir)/libtool'
LIPO=''
LN_S='ln -s'
LTLIBOBJS=''
LT_SYS_LIBRARY_PATH=''
MAKEINFO='${SHELL} /home/mehmet/eclipse-workspace_oxygen/Hello_World/missing makeinfo'
MANIFEST_TOOL=':'
MKDIR_P='/bin/mkdir -p'
NM='/usr/bin/nm -B'
NMEDIT=''
OBJDUMP='objdump'
OBJEXT='o'
OTOOL64=''
OTOOL=''
PACKAGE='hello_world'
PACKAGE_BUGREPORT=''
PACKAGE_NAME='Hello_World'
PACKAGE_STRING='Hello_World 0.1.0'
PACKAGE_TARNAME='hello_world'
PACKAGE_URL=''
PACKAGE_VERSION='0.1.0'
PATH_SEPARATOR=':'
PKG_CONFIG='/usr/bin/pkg-config'
PKG_CONFIG_LIBDIR=''
PKG_CONFIG_PATH=''
RANLIB='ranlib'
SED='/bin/sed'
SET_MAKE=''
SHELL='/bin/bash'
STRIP='strip'
VERSION='0.1.0'
ac_ct_AR='ar'
ac_ct_CC='gcc'
ac_ct_CXX='g++'
ac_ct_DUMPBIN=''
am__EXEEXT_FALSE=''
am__EXEEXT_TRUE='#'
am__fastdepCC_FALSE='#'
am__fastdepCC_TRUE=''
am__fastdepCXX_FALSE='#'
am__fastdepCXX_TRUE=''
am__include='include'
am__isrc=''
am__leading_dot='.'
am__nodep='_no'
am__quote=''
am__tar='$${TAR-tar} chof - "$$tardir"'
am__untar='$${TAR-tar} xf -'
bindir='${exec_prefix}/bin'
build='x86_64-unknown-linux-gnu'
build_alias=''
build_cpu='x86_64'
build_os='linux-gnu'
build_vendor='unknown'
datadir='${datarootdir}'
datarootdir='${prefix}/share'
docdir='${datarootdir}/doc/${PACKAGE_TARNAME}'
dvidir='${docdir}'
exec_prefix='${prefix}'
host='x86_64-unknown-linux-gnu'
host_alias=''
host_cpu='x86_64'
host_os='linux-gnu'
host_vendor='unknown'
htmldir='${docdir}'
includedir='${prefix}/include'
infodir='${datarootdir}/info'
install_sh='${SHELL} /home/mehmet/eclipse-workspace_oxygen/Hello_World/install-sh'
libdir='${exec_prefix}/lib'
libexecdir='${exec_prefix}/libexec'
localedir='${datarootdir}/locale'
localstatedir='${prefix}/var'
mandir='${datarootdir}/man'
mkdir_p='$(MKDIR_P)'
oldincludedir='/usr/include'
pdfdir='${docdir}'
prefix='/usr/local'
program_transform_name='s,x,x,'
psdir='${docdir}'
runstatedir='${localstatedir}/run'
sbindir='${exec_prefix}/sbin'
sharedstatedir='${prefix}/com'
sysconfdir='${prefix}/etc'
target_alias=''

## ----------- ##
## confdefs.h. ##
## ----------- ##

/* confdefs.h */
#define PACKAGE_NAME "Hello_World"
#define PACKAGE_TARNAME "hello_world"
#define PACKAGE_VERSION "0.1.0"
#define PACKAGE_STRING "Hello_World 0.1.0"
#define PACKAGE_BUGREPORT ""
#define PACKAGE_URL ""
#define PACKAGE "hello_world"
#define VERSION "0.1.0"
#define STDC_HEADERS 1
#define HAVE_SYS_TYPES_H 1
#define HAVE_SYS_STAT_H 1
#define HAVE_STDLIB_H 1
#define HAVE_STRING_H 1
#define HAVE_MEMORY_H 1
#define HAVE_STRINGS_H 1
#define HAVE_INTTYPES_H 1
#define HAVE_STDINT_H 1
#define HAVE_UNISTD_H 1
#define HAVE_DLFCN_H 1
#define LT_OBJDIR ".libs/"

configure: exit 0
